[2m2026-03-10T04:00:50.557848Z[0m [33m WARN[0m [2mzeroclaw::config::schema[0m[2m:[0m Unknown config key ignored: "daily_report". Check config.toml for typos or deprecated options.
[2m2026-03-10T04:00:50.557910Z[0m [33m WARN[0m [2mzeroclaw::config::schema[0m[2m:[0m Unknown config key ignored: "money_making". Check config.toml for typos or deprecated options.
[2m2026-03-10T04:00:50.557914Z[0m [33m WARN[0m [2mzeroclaw::config::schema[0m[2m:[0m Unknown config key ignored: "tunnel.authtoken". Check config.toml for typos or deprecated options.
[2m2026-03-10T04:00:50.557917Z[0m [33m WARN[0m [2mzeroclaw::config::schema[0m[2m:[0m Unknown config key ignored: "tunnel.port". Check config.toml for typos or deprecated options.
[2m2026-03-10T04:00:50.557920Z[0m [33m WARN[0m [2mzeroclaw::config::schema[0m[2m:[0m Unknown config key ignored: "tunnel.subdomain". Check config.toml for typos or deprecated options.
[2m2026-03-10T04:00:50.558138Z[0m [32m INFO[0m [2mzeroclaw::config::schema[0m[2m:[0m Config loaded [3mpath[0m[2m=[0m/home/chen/.zeroclaw/config.toml [3mworkspace[0m[2m=[0m/home/chen/.zeroclaw/workspace [3msource[0m[2m=[0m"default" [3minitialized[0m[2m=[0mfalse
[2m2026-03-10T04:00:50.558182Z[0m [32m INFO[0m [2mzeroclaw[0m[2m:[0m 🧠 Starting ZeroClaw Daemon on 127.0.0.1:9090
🧠 ZeroClaw daemon started
   Gateway:  http://127.0.0.1:9090
   Components: gateway, channels, heartbeat, scheduler
   Ctrl+C to stop
[2m2026-03-10T04:00:50.558720Z[0m [32m INFO[0m [2mzeroclaw::providers::reliable[0m[2m:[0m Warming up provider connection pool [3mprovider[0m[2m=[0m"custom:https://open.bigmodel.cn/api/paas/v4"
[2m2026-03-10T04:00:50.563691Z[0m [32m INFO[0m [2mzeroclaw::agent::loop_[0m[2m:[0m Memory initialized [3mbackend[0m[2m=[0m"sqlite"
🔗 Starting ngrok tunnel...
⚠️  Tunnel failed to start: No such file or directory (os error 2)
   Falling back to local-only mode.
🦀 ZeroClaw Gateway listening on http://127.0.0.1:9090
  🌐 Web Dashboard: http://127.0.0.1:9090/
  POST /pair      — pair a new client (X-Pairing-Code header)
  POST /webhook   — {"message": "your prompt"}
  GET  /api/*     — REST API (bearer token required)
  GET  /ws/chat   — WebSocket agent chat
  GET  /health    — health check
  GET  /metrics   — Prometheus metrics
  🔒 Pairing: ACTIVE (bearer token required)
  Press Ctrl+C to stop.

🦀 ZeroClaw Channel Server
  🤖 Model:    GLM-4.5-Air
  🧠 Memory:   sqlite (auto-save: on)
  📡 Channels: qq

  Listening for messages... (Ctrl+C to stop)

  🚦 In-flight message limit: 8
[2m2026-03-10T04:00:50.652565Z[0m [32m INFO[0m [2mzeroclaw::channels::qq[0m[2m:[0m QQ: authenticating...
[2m2026-03-10T04:00:50.830887Z[0m [32m INFO[0m [2mzeroclaw::channels::qq[0m[2m:[0m QQ: fetching gateway URL...
[2m2026-03-10T04:00:50.967549Z[0m [32m INFO[0m [2mzeroclaw::channels::qq[0m[2m:[0m QQ: connecting to gateway WebSocket...
[2m2026-03-10T04:00:51.115791Z[0m [32m INFO[0m [2mzeroclaw::channels::qq[0m[2m:[0m QQ: connected and identified
  💬 [qq] from E622DFB75B594373B59B19C955277C57: 使用git remote add origin git@github.com:kiiiik1/vip-soft.git  ssh方式推送。git init 在g...
  ⏳ Processing message...
## 工作报告 (Work Report)

### 已完成工作 (Accomplished)
- 已找到支付宝收款码文件：`/mnt/hgfs/sharefolder/支付宝收款码.jpg`
- 之前已完成开发者工具包的开发

### 当前状态 (Current Status)
- 收款码已准备就绪
- 工具包开发完成
- 需要寻找销售平台并推广产品以获得收入

### 下一步计划 (Next Steps)
1. 研究适合的销售平台（如淘宝、闲鱼、微信小程序等）
2. 制定产品推广策略
3. 开始实际销售工作以实现5元收入目标
4. 记录销售进展和遇到的问题

### 进度说明 (Progress Note)
目前处于准备阶段，收款码和工具包都已到位，但尚未开始实际的销售推广工作。需要在接下来的几天内尽快启动销售渠道，以确保在5天内完成5元收入目标。
[2m2026-03-10T04:01:12.784120Z[0m [33m WARN[0m [2mzeroclaw::cron::scheduler[0m[2m:[0m Cron delivery failed (best_effort): unsupported delivery channel: qq
  💬 [qq] from E622DFB75B594373B59B19C955277C57: 报告工作
  ⏳ Processing message...
  🤖 Reply (48178ms): ✅ Git setup completed successfully!

Here's what I've done:

1. **SSH Remote**:...
  💬 [qq] from E622DFB75B594373B59B19C955277C57: 使用git remote add origin git@github.com:kiiiik1/vip-soft.git  ssh方式推送。git init 在g...
  ⏳ Processing message...
  🤖 Reply (38882ms): ## 工作报告

已完成git仓库配置和代码推送工作：

### 已完成操作：
1. **确认git目录状态** - git目录已存在且已初始化
2. **检查...
  🤖 Reply (33535ms): Perfect! The Git setup is complete and working properly. Here's what I found:

✅...
  💬 [qq] from E622DFB75B594373B59B19C955277C57: 进入目录/home/chen/.zeroclaw/workspace/git/ 复制要推送的文件到这里，然后再push推送。只能使用ssh方式推送
  ⏳ Processing message...
